# JRE version: OpenJDK Runtime Environment Temurin-17.0.19+10 (17.0.19+10) (build 17.0.19+10)
# Java VM: OpenJDK 64-Bit Server VM Temurin-17.0.19+10 (17.0.19+10, mixed mode, sharing, tiered, compressed oops, compressed class ptrs, g1 gc, windows-amd64)
GC Precious Log:
 CPUs: 8 total, 8 available
 Memory: 3903M
 Large Page Support: Disabled
 NUMA Support: Disabled
 Compressed Oops: Enabled (32-bit)
 Heap Region Size: 1M
 Heap Min Capacity: 8M
 Heap Initial Capacity: 62M
 Heap Max Capacity: 2G
 Pre-touch: Disabled
 Parallel Workers: 8
 Concurrent Workers: 2
 Concurrent Refinement Workers: 8
 Periodic GC: Disabled
Heap:
 garbage-first heap   total 91136K, used 44951K [0x0000000080000000, 0x0000000100000000)
  region size 1024K, 5 young (5120K), 4 survivors (4096K)
 Metaspace       used 62812K, committed 63552K, reserved 491520K
  class space    used 8867K, committed 9216K, reserved 425984K
GC Heap History (20 events):
Event: 14.233 GC heap before
{Heap before GC invocations=18 (full 0):
 garbage-first heap   total 63488K, used 51361K [0x0000000080000000, 0x0000000100000000)
  region size 1024K, 20 young (20480K), 2 survivors (2048K)
 Metaspace       used 40041K, committed 40448K, reserved 491520K
  class space    used 5567K, committed 5760K, reserved 425984K
}
Event: 14.237 GC heap after
{Heap after GC invocations=19 (full 0):
 garbage-first heap   total 63488K, used 34515K [0x0000000080000000, 0x0000000100000000)
  region size 1024K, 3 young (3072K), 3 survivors (3072K)
 Metaspace       used 40041K, committed 40448K, reserved 491520K
  class space    used 5567K, committed 5760K, reserved 425984K
}
Event: 15.253 GC heap before
{Heap before GC invocations=20 (full 0):
 garbage-first heap   total 63488K, used 51923K [0x0000000080000000, 0x0000000100000000)
  region size 1024K, 20 young (20480K), 3 survivors (3072K)
 Metaspace       used 41737K, committed 42176K, reserved 491520K
  class space    used 5830K, committed 6016K, reserved 425984K
}
Event: 15.258 GC heap after
{Heap after GC invocations=21 (full 0):
 garbage-first heap   total 63488K, used 35574K [0x0000000080000000, 0x0000000100000000)
  region size 1024K, 2 young (2048K), 2 survivors (2048K)
 Metaspace       used 41737K, committed 42176K, reserved 491520K
  class space    used 5830K, committed 6016K, reserved 425984K
}
Event: 15.792 GC heap before
{Heap before GC invocations=21 (full 0):
 garbage-first heap   total 63488K, used 50934K [0x0000000080000000, 0x0000000100000000)
  region size 1024K, 17 young (17408K), 2 survivors (2048K)
 Metaspace       used 43240K, committed 43840K, reserved 491520K
  class space    used 6080K, committed 6336K, reserved 425984K
}
Event: 15.795 GC heap after
{Heap after GC invocations=22 (full 0):
 garbage-first heap   total 63488K, used 36548K [0x0000000080000000, 0x0000000100000000)
  region size 1024K, 3 young (3072K), 3 survivors (3072K)
 Metaspace       used 43240K, committed 43840K, reserved 491520K
  class space    used 6080K, committed 6336K, reserved 425984K
}
Event: 16.086 GC heap before
{Heap before GC invocations=23 (full 0):
 garbage-first heap   total 66560K, used 50884K [0x0000000080000000, 0x0000000100000000)
  region size 1024K, 17 young (17408K), 3 survivors (3072K)
 Metaspace       used 44159K, committed 44864K, reserved 491520K
  class space    used 6223K, committed 6528K, reserved 425984K
}
Event: 16.090 GC heap after
{Heap after GC invocations=24 (full 0):
 garbage-first heap   total 66560K, used 37164K [0x0000000080000000, 0x0000000100000000)
  region size 1024K, 2 young (2048K), 2 survivors (2048K)
 Metaspace       used 44159K, committed 44864K, reserved 491520K
  class space    used 6223K, committed 6528K, reserved 425984K
}
Event: 16.149 GC heap before
{Heap before GC invocations=24 (full 0):
 garbage-first heap   total 66560K, used 54572K [0x0000000080000000, 0x0000000100000000)
  region size 1024K, 19 young (19456K), 2 survivors (2048K)
 Metaspace       used 44159K, committed 44864K, reserved 491520K
  class space    used 6223K, committed 6528K, reserved 425984K
}
Event: 16.152 GC heap after
{Heap after GC invocations=25 (full 0):
 garbage-first heap   total 66560K, used 37224K [0x0000000080000000, 0x0000000100000000)
  region size 1024K, 1 young (1024K), 1 survivors (1024K)
 Metaspace       used 44159K, committed 44864K, reserved 491520K
  class space    used 6223K, committed 6528K, reserved 425984K
}
Event: 16.499 GC heap before
{Heap before GC invocations=26 (full 0):
 garbage-first heap   total 75776K, used 55656K [0x0000000080000000, 0x0000000100000000)
  region size 1024K, 19 young (19456K), 1 survivors (1024K)
 Metaspace       used 45254K, committed 45888K, reserved 491520K
  class space    used 6400K, committed 6656K, reserved 425984K
}
Event: 16.501 GC heap after
{Heap after GC invocations=27 (full 0):
 garbage-first heap   total 75776K, used 37845K [0x0000000080000000, 0x0000000100000000)
  region size 1024K, 2 young (2048K), 2 survivors (2048K)
 Metaspace       used 45254K, committed 45888K, reserved 491520K
  class space    used 6400K, committed 6656K, reserved 425984K
}
Event: 17.075 GC heap before
{Heap before GC invocations=27 (full 0):
 garbage-first heap   total 75776K, used 62421K [0x0000000080000000, 0x0000000100000000)
  region size 1024K, 27 young (27648K), 2 survivors (2048K)
 Metaspace       used 47735K, committed 48320K, reserved 491520K
  class space    used 6777K, committed 7040K, reserved 425984K
}
Event: 17.080 GC heap after
{Heap after GC invocations=28 (full 0):
 garbage-first heap   total 75776K, used 38678K [0x0000000080000000, 0x0000000100000000)
  region size 1024K, 3 young (3072K), 3 survivors (3072K)
 Metaspace       used 47735K, committed 48320K, reserved 491520K
  class space    used 6777K, committed 7040K, reserved 425984K
}
Event: 17.707 GC heap before
{Heap before GC invocations=29 (full 0):
 garbage-first heap   total 75776K, used 63254K [0x0000000080000000, 0x0000000100000000)
  region size 1024K, 27 young (27648K), 3 survivors (3072K)
 Metaspace       used 52131K, committed 52800K, reserved 491520K
  class space    used 7329K, committed 7680K, reserved 425984K
}
Event: 17.712 GC heap after
{Heap after GC invocations=30 (full 0):
 garbage-first heap   total 75776K, used 41199K [0x0000000080000000, 0x0000000100000000)
  region size 1024K, 4 young (4096K), 4 survivors (4096K)
 Metaspace       used 52131K, committed 52800K, reserved 491520K
  class space    used 7329K, committed 7680K, reserved 425984K
}
Event: 19.222 GC heap before
{Heap before GC invocations=30 (full 0):
 garbage-first heap   total 75776K, used 61679K [0x0000000080000000, 0x0000000100000000)
  region size 1024K, 24 young (24576K), 4 survivors (4096K)
 Metaspace       used 55927K, committed 56576K, reserved 491520K
  class space    used 7886K, committed 8192K, reserved 425984K
}
Event: 19.229 GC heap after
{Heap after GC invocations=31 (full 0):
 garbage-first heap   total 91136K, used 42707K [0x0000000080000000, 0x0000000100000000)
  region size 1024K, 2 young (2048K), 2 survivors (2048K)
 Metaspace       used 55927K, committed 56576K, reserved 491520K
  class space    used 7886K, committed 8192K, reserved 425984K
}
Event: 19.946 GC heap before
{Heap before GC invocations=32 (full 0):
 garbage-first heap   total 91136K, used 75475K [0x0000000080000000, 0x0000000100000000)
  region size 1024K, 34 young (34816K), 2 survivors (2048K)
 Metaspace       used 59404K, committed 60096K, reserved 491520K
  class space    used 8346K, committed 8704K, reserved 425984K
}
Event: 19.950 GC heap after
{Heap after GC invocations=33 (full 0):
 garbage-first heap   total 91136K, used 43355K [0x0000000080000000, 0x0000000100000000)
  region size 1024K, 3 young (3072K), 3 survivors (3072K)
 Metaspace       used 59404K, committed 60096K, reserved 491520K
  class space    used 8346K, committed 8704K, reserved 425984K
}

